2024-04-01 22:05:56 [main] INFO  c.artem.umbrella.UmbrellaApplication - Starting UmbrellaApplication using Java 17.0.10 with PID 33289 (/home/artsyom/CODE/java/PNAUVU/umbrella/build/classes/java/main started by artsyom in /home/artsyom/CODE/java/PNAUVU/umbrella)
2024-04-01 22:05:56 [main] INFO  c.artem.umbrella.UmbrellaApplication - No active profile set, falling back to 1 default profile: "default"
2024-04-01 22:05:57 [main] INFO  o.s.d.r.c.RepositoryConfigurationDelegate - Bootstrapping Spring Data JPA repositories in DEFAULT mode.
2024-04-01 22:05:57 [main] INFO  o.s.d.r.c.RepositoryConfigurationDelegate - Finished Spring Data repository scanning in 103 ms. Found 3 JPA repository interfaces.
2024-04-01 22:05:57 [main] INFO  o.s.b.w.e.tomcat.TomcatWebServer - Tomcat initialized with port 8080 (http)
2024-04-01 22:05:57 [main] INFO  o.a.catalina.core.StandardService - Starting service [Tomcat]
2024-04-01 22:05:57 [main] INFO  o.a.catalina.core.StandardEngine - Starting Servlet engine: [Apache Tomcat/10.1.19]
2024-04-01 22:05:57 [main] INFO  o.a.c.c.C.[Tomcat].[localhost].[/] - Initializing Spring embedded WebApplicationContext
2024-04-01 22:05:57 [main] INFO  o.s.b.w.s.c.ServletWebServerApplicationContext - Root WebApplicationContext: initialization completed in 1523 ms
2024-04-01 22:05:58 [main] INFO  o.h.jpa.internal.util.LogHelper - HHH000204: Processing PersistenceUnitInfo [name: default]
2024-04-01 22:05:58 [main] INFO  org.hibernate.Version - HHH000412: Hibernate ORM core version 6.4.4.Final
2024-04-01 22:05:58 [main] INFO  o.h.c.i.RegionFactoryInitiator - HHH000026: Second-level cache disabled
2024-04-01 22:05:58 [main] INFO  o.s.o.j.p.SpringPersistenceUnitInfo - No LoadTimeWeaver setup: ignoring JPA class transformer
2024-04-01 22:05:58 [main] INFO  com.zaxxer.hikari.HikariDataSource - HikariPool-1 - Starting...
2024-04-01 22:05:58 [main] INFO  com.zaxxer.hikari.pool.HikariPool - HikariPool-1 - Added connection org.postgresql.jdbc.PgConnection@1dbff71c
2024-04-01 22:05:58 [main] INFO  com.zaxxer.hikari.HikariDataSource - HikariPool-1 - Start completed.
2024-04-01 22:05:59 [main] INFO  o.h.e.t.j.p.i.JtaPlatformInitiator - HHH000489: No JTA platform available (set 'hibernate.transaction.jta.platform' to enable JTA platform integration)
2024-04-01 22:05:59 [main] INFO  o.s.o.j.LocalContainerEntityManagerFactoryBean - Initialized JPA EntityManagerFactory for persistence unit 'default'
2024-04-01 22:05:59 [main] INFO  o.s.d.j.r.query.QueryEnhancerFactory - Hibernate is in classpath; If applicable, HQL parser will be used.
2024-04-01 22:06:00 [main] WARN  o.s.b.a.o.j.JpaBaseConfiguration$JpaWebConfiguration - spring.jpa.open-in-view is enabled by default. Therefore, database queries may be performed during view rendering. Explicitly configure spring.jpa.open-in-view to disable this warning
2024-04-01 22:06:00 [main] INFO  o.s.b.w.e.tomcat.TomcatWebServer - Tomcat started on port 8080 (http) with context path ''
2024-04-01 22:06:00 [main] INFO  c.artem.umbrella.UmbrellaApplication - Started UmbrellaApplication in 4.857 seconds (process running for 5.201)
2024-04-01 22:07:49 [http-nio-8080-exec-2] INFO  o.a.c.c.C.[Tomcat].[localhost].[/] - Initializing Spring DispatcherServlet 'dispatcherServlet'
2024-04-01 22:07:49 [http-nio-8080-exec-2] INFO  o.s.web.servlet.DispatcherServlet - Initializing Servlet 'dispatcherServlet'
2024-04-01 22:07:49 [http-nio-8080-exec-2] INFO  o.s.web.servlet.DispatcherServlet - Completed initialization in 1 ms
2024-04-01 22:07:49 [http-nio-8080-exec-2] INFO  c.a.umbrella.aspect.LoggingAspect - Method class com.artem.umbrella.controller.LocationController.create with args: [LocationCreateDto[name=China]] called
2024-04-01 22:07:49 [http-nio-8080-exec-2] INFO  c.a.umbrella.aspect.LoggingAspect - Method class com.artem.umbrella.servise.LocationService.create with args: [LocationCreateDto[name=China]] called
2024-04-01 22:07:49 [http-nio-8080-exec-2] INFO  c.a.umbrella.aspect.LoggingAspect - Method class com.artem.umbrella.servise.LocationService.create with args: [LocationCreateDto[name=China]] returned: com.artem.umbrella.entity.Location@29e3bc06
2024-04-01 22:07:49 [http-nio-8080-exec-2] INFO  c.a.umbrella.aspect.LoggingAspect - Method class com.artem.umbrella.controller.LocationController.create with args: [LocationCreateDto[name=China]] returned: LocationDto[id=1, name=China, humans=[]]
2024-04-01 22:08:30 [SpringApplicationShutdownHook] INFO  o.s.o.j.LocalContainerEntityManagerFactoryBean - Closing JPA EntityManagerFactory for persistence unit 'default'
2024-04-01 22:08:30 [SpringApplicationShutdownHook] INFO  com.zaxxer.hikari.HikariDataSource - HikariPool-1 - Shutdown initiated...
2024-04-01 22:08:30 [SpringApplicationShutdownHook] INFO  com.zaxxer.hikari.HikariDataSource - HikariPool-1 - Shutdown completed.
2024-04-01 22:08:32 [main] INFO  c.artem.umbrella.UmbrellaApplication - Starting UmbrellaApplication using Java 17.0.10 with PID 33914 (/home/artsyom/CODE/java/PNAUVU/umbrella/build/classes/java/main started by artsyom in /home/artsyom/CODE/java/PNAUVU/umbrella)
2024-04-01 22:08:32 [main] INFO  c.artem.umbrella.UmbrellaApplication - No active profile set, falling back to 1 default profile: "default"
2024-04-01 22:08:33 [main] INFO  o.s.d.r.c.RepositoryConfigurationDelegate - Bootstrapping Spring Data JPA repositories in DEFAULT mode.
2024-04-01 22:08:33 [main] INFO  o.s.d.r.c.RepositoryConfigurationDelegate - Finished Spring Data repository scanning in 36 ms. Found 3 JPA repository interfaces.
2024-04-01 22:08:33 [main] INFO  o.s.b.w.e.tomcat.TomcatWebServer - Tomcat initialized with port 8080 (http)
2024-04-01 22:08:33 [main] INFO  o.a.catalina.core.StandardService - Starting service [Tomcat]
2024-04-01 22:08:33 [main] INFO  o.a.catalina.core.StandardEngine - Starting Servlet engine: [Apache Tomcat/10.1.19]
2024-04-01 22:08:33 [main] INFO  o.a.c.c.C.[Tomcat].[localhost].[/] - Initializing Spring embedded WebApplicationContext
2024-04-01 22:08:33 [main] INFO  o.s.b.w.s.c.ServletWebServerApplicationContext - Root WebApplicationContext: initialization completed in 1183 ms
2024-04-01 22:08:34 [main] INFO  o.h.jpa.internal.util.LogHelper - HHH000204: Processing PersistenceUnitInfo [name: default]
2024-04-01 22:08:34 [main] INFO  org.hibernate.Version - HHH000412: Hibernate ORM core version 6.4.4.Final
2024-04-01 22:08:34 [main] INFO  o.h.c.i.RegionFactoryInitiator - HHH000026: Second-level cache disabled
2024-04-01 22:08:34 [main] INFO  o.s.o.j.p.SpringPersistenceUnitInfo - No LoadTimeWeaver setup: ignoring JPA class transformer
2024-04-01 22:08:34 [main] INFO  com.zaxxer.hikari.HikariDataSource - HikariPool-1 - Starting...
2024-04-01 22:08:34 [main] INFO  com.zaxxer.hikari.pool.HikariPool - HikariPool-1 - Added connection org.postgresql.jdbc.PgConnection@34e25492
2024-04-01 22:08:34 [main] INFO  com.zaxxer.hikari.HikariDataSource - HikariPool-1 - Start completed.
2024-04-01 22:08:35 [main] INFO  o.h.e.t.j.p.i.JtaPlatformInitiator - HHH000489: No JTA platform available (set 'hibernate.transaction.jta.platform' to enable JTA platform integration)
2024-04-01 22:08:35 [main] INFO  o.s.o.j.LocalContainerEntityManagerFactoryBean - Initialized JPA EntityManagerFactory for persistence unit 'default'
2024-04-01 22:08:36 [main] INFO  o.s.d.j.r.query.QueryEnhancerFactory - Hibernate is in classpath; If applicable, HQL parser will be used.
2024-04-01 22:08:36 [main] WARN  o.s.b.a.o.j.JpaBaseConfiguration$JpaWebConfiguration - spring.jpa.open-in-view is enabled by default. Therefore, database queries may be performed during view rendering. Explicitly configure spring.jpa.open-in-view to disable this warning
2024-04-01 22:08:37 [main] INFO  o.s.b.w.e.tomcat.TomcatWebServer - Tomcat started on port 8080 (http) with context path ''
2024-04-01 22:08:37 [main] INFO  c.artem.umbrella.UmbrellaApplication - Started UmbrellaApplication in 4.699 seconds (process running for 5.188)
2024-04-01 22:08:59 [SpringApplicationShutdownHook] INFO  o.s.o.j.LocalContainerEntityManagerFactoryBean - Closing JPA EntityManagerFactory for persistence unit 'default'
2024-04-01 22:08:59 [SpringApplicationShutdownHook] INFO  com.zaxxer.hikari.HikariDataSource - HikariPool-1 - Shutdown initiated...
2024-04-01 22:08:59 [SpringApplicationShutdownHook] INFO  com.zaxxer.hikari.HikariDataSource - HikariPool-1 - Shutdown completed.
2024-04-01 22:09:01 [main] INFO  c.artem.umbrella.UmbrellaApplication - Starting UmbrellaApplication using Java 17.0.10 with PID 34199 (/home/artsyom/CODE/java/PNAUVU/umbrella/build/classes/java/main started by artsyom in /home/artsyom/CODE/java/PNAUVU/umbrella)
2024-04-01 22:09:01 [main] INFO  c.artem.umbrella.UmbrellaApplication - No active profile set, falling back to 1 default profile: "default"
2024-04-01 22:09:02 [main] INFO  o.s.d.r.c.RepositoryConfigurationDelegate - Bootstrapping Spring Data JPA repositories in DEFAULT mode.
2024-04-01 22:09:02 [main] INFO  o.s.d.r.c.RepositoryConfigurationDelegate - Finished Spring Data repository scanning in 34 ms. Found 3 JPA repository interfaces.
2024-04-01 22:09:02 [main] INFO  o.s.b.w.e.tomcat.TomcatWebServer - Tomcat initialized with port 8080 (http)
2024-04-01 22:09:02 [main] INFO  o.a.catalina.core.StandardService - Starting service [Tomcat]
2024-04-01 22:09:02 [main] INFO  o.a.catalina.core.StandardEngine - Starting Servlet engine: [Apache Tomcat/10.1.19]
2024-04-01 22:09:03 [main] INFO  o.a.c.c.C.[Tomcat].[localhost].[/] - Initializing Spring embedded WebApplicationContext
2024-04-01 22:09:03 [main] INFO  o.s.b.w.s.c.ServletWebServerApplicationContext - Root WebApplicationContext: initialization completed in 1179 ms
2024-04-01 22:09:03 [main] INFO  o.h.jpa.internal.util.LogHelper - HHH000204: Processing PersistenceUnitInfo [name: default]
2024-04-01 22:09:03 [main] INFO  org.hibernate.Version - HHH000412: Hibernate ORM core version 6.4.4.Final
2024-04-01 22:09:03 [main] INFO  o.h.c.i.RegionFactoryInitiator - HHH000026: Second-level cache disabled
2024-04-01 22:09:03 [main] INFO  o.s.o.j.p.SpringPersistenceUnitInfo - No LoadTimeWeaver setup: ignoring JPA class transformer
2024-04-01 22:09:03 [main] INFO  com.zaxxer.hikari.HikariDataSource - HikariPool-1 - Starting...
2024-04-01 22:09:03 [main] INFO  com.zaxxer.hikari.pool.HikariPool - HikariPool-1 - Added connection org.postgresql.jdbc.PgConnection@26c59348
2024-04-01 22:09:03 [main] INFO  com.zaxxer.hikari.HikariDataSource - HikariPool-1 - Start completed.
2024-04-01 22:09:04 [main] INFO  o.h.e.t.j.p.i.JtaPlatformInitiator - HHH000489: No JTA platform available (set 'hibernate.transaction.jta.platform' to enable JTA platform integration)
2024-04-01 22:09:04 [main] INFO  o.s.o.j.LocalContainerEntityManagerFactoryBean - Initialized JPA EntityManagerFactory for persistence unit 'default'
2024-04-01 22:09:05 [main] INFO  o.s.d.j.r.query.QueryEnhancerFactory - Hibernate is in classpath; If applicable, HQL parser will be used.
2024-04-01 22:09:05 [main] WARN  o.s.b.a.o.j.JpaBaseConfiguration$JpaWebConfiguration - spring.jpa.open-in-view is enabled by default. Therefore, database queries may be performed during view rendering. Explicitly configure spring.jpa.open-in-view to disable this warning
2024-04-01 22:09:06 [main] INFO  o.s.b.w.e.tomcat.TomcatWebServer - Tomcat started on port 8080 (http) with context path ''
2024-04-01 22:09:06 [main] INFO  c.artem.umbrella.UmbrellaApplication - Started UmbrellaApplication in 4.709 seconds (process running for 5.199)
2024-04-01 22:09:15 [http-nio-8080-exec-2] INFO  o.a.c.c.C.[Tomcat].[localhost].[/] - Initializing Spring DispatcherServlet 'dispatcherServlet'
2024-04-01 22:09:15 [http-nio-8080-exec-2] INFO  o.s.web.servlet.DispatcherServlet - Initializing Servlet 'dispatcherServlet'
2024-04-01 22:09:15 [http-nio-8080-exec-2] INFO  o.s.web.servlet.DispatcherServlet - Completed initialization in 2 ms
2024-04-01 22:09:16 [http-nio-8080-exec-2] INFO  c.a.umbrella.aspect.LoggingAspect - Method class com.artem.umbrella.controller.LocationController.create with args: [LocationCreateDto[name=China]] called
2024-04-01 22:09:16 [http-nio-8080-exec-2] INFO  c.a.umbrella.aspect.LoggingAspect - Method class com.artem.umbrella.servise.LocationService.create with args: [LocationCreateDto[name=China]] called
2024-04-01 22:09:16 [http-nio-8080-exec-2] INFO  c.a.umbrella.aspect.LoggingAspect - Method class com.artem.umbrella.servise.LocationService.create with args: [LocationCreateDto[name=China]] returned: com.artem.umbrella.entity.Location@22ac5a73
2024-04-01 22:09:16 [http-nio-8080-exec-2] INFO  c.a.umbrella.aspect.LoggingAspect - Method class com.artem.umbrella.controller.LocationController.create with args: [LocationCreateDto[name=China]] returned: LocationDto[id=1, name=China, humans=[]]
2024-04-01 22:10:58 [http-nio-8080-exec-5] INFO  c.a.umbrella.aspect.LoggingAspect - Method class com.artem.umbrella.controller.LocationController.create with args: [LocationCreateDto[name=China]] called
2024-04-01 22:10:58 [http-nio-8080-exec-5] INFO  c.a.umbrella.aspect.LoggingAspect - Method class com.artem.umbrella.servise.LocationService.create with args: [LocationCreateDto[name=China]] called
2024-04-01 22:10:58 [http-nio-8080-exec-5] ERROR c.a.umbrella.aspect.LoggingAspect - Method class com.artem.umbrella.servise.LocationService.create with args: [LocationCreateDto[name=China]] interrupted. Exception: Entity already exists
2024-04-01 22:10:58 [http-nio-8080-exec-5] ERROR c.a.umbrella.aspect.LoggingAspect - Method class com.artem.umbrella.controller.LocationController.create with args: [LocationCreateDto[name=China]] interrupted. Exception: Entity already exists
2024-04-01 22:16:17 [http-nio-8080-exec-9] INFO  c.a.umbrella.aspect.LoggingAspect - Method class com.artem.umbrella.controller.LocationController.create with args: [LocationCreateDto[name=China]] called
2024-04-01 22:16:17 [http-nio-8080-exec-9] INFO  c.a.umbrella.aspect.LoggingAspect - Method class com.artem.umbrella.servise.LocationService.create with args: [LocationCreateDto[name=China]] called
2024-04-01 22:16:17 [http-nio-8080-exec-9] ERROR c.a.umbrella.aspect.LoggingAspect - Method class com.artem.umbrella.servise.LocationService.create with args: [LocationCreateDto[name=China]] interrupted. Exception: Entity already exists
2024-04-01 22:16:17 [http-nio-8080-exec-9] ERROR c.a.umbrella.aspect.LoggingAspect - Method class com.artem.umbrella.controller.LocationController.create with args: [LocationCreateDto[name=China]] interrupted. Exception: Entity already exists
2024-04-01 22:50:22 [SpringApplicationShutdownHook] INFO  o.s.o.j.LocalContainerEntityManagerFactoryBean - Closing JPA EntityManagerFactory for persistence unit 'default'
2024-04-01 22:50:22 [SpringApplicationShutdownHook] INFO  com.zaxxer.hikari.HikariDataSource - HikariPool-1 - Shutdown initiated...
2024-04-01 22:50:22 [SpringApplicationShutdownHook] INFO  com.zaxxer.hikari.HikariDataSource - HikariPool-1 - Shutdown completed.
2024-04-01 22:50:25 [main] INFO  c.artem.umbrella.UmbrellaApplication - Starting UmbrellaApplication using Java 17.0.10 with PID 35901 (/home/artsyom/CODE/java/PNAUVU/umbrella/build/classes/java/main started by artsyom in /home/artsyom/CODE/java/PNAUVU/umbrella)
2024-04-01 22:50:25 [main] INFO  c.artem.umbrella.UmbrellaApplication - No active profile set, falling back to 1 default profile: "default"
2024-04-01 22:50:26 [main] INFO  o.s.d.r.c.RepositoryConfigurationDelegate - Bootstrapping Spring Data JPA repositories in DEFAULT mode.
2024-04-01 22:50:26 [main] INFO  o.s.d.r.c.RepositoryConfigurationDelegate - Finished Spring Data repository scanning in 53 ms. Found 3 JPA repository interfaces.
2024-04-01 22:50:27 [main] INFO  o.s.b.w.e.tomcat.TomcatWebServer - Tomcat initialized with port 8080 (http)
2024-04-01 22:50:27 [main] INFO  o.a.catalina.core.StandardService - Starting service [Tomcat]
2024-04-01 22:50:27 [main] INFO  o.a.catalina.core.StandardEngine - Starting Servlet engine: [Apache Tomcat/10.1.19]
2024-04-01 22:50:27 [main] INFO  o.a.c.c.C.[Tomcat].[localhost].[/] - Initializing Spring embedded WebApplicationContext
2024-04-01 22:50:27 [main] INFO  o.s.b.w.s.c.ServletWebServerApplicationContext - Root WebApplicationContext: initialization completed in 1257 ms
2024-04-01 22:50:27 [main] INFO  o.h.jpa.internal.util.LogHelper - HHH000204: Processing PersistenceUnitInfo [name: default]
2024-04-01 22:50:27 [main] INFO  org.hibernate.Version - HHH000412: Hibernate ORM core version 6.4.4.Final
2024-04-01 22:50:27 [main] INFO  o.h.c.i.RegionFactoryInitiator - HHH000026: Second-level cache disabled
2024-04-01 22:50:27 [main] INFO  o.s.o.j.p.SpringPersistenceUnitInfo - No LoadTimeWeaver setup: ignoring JPA class transformer
2024-04-01 22:50:27 [main] INFO  com.zaxxer.hikari.HikariDataSource - HikariPool-1 - Starting...
2024-04-01 22:50:27 [main] INFO  com.zaxxer.hikari.pool.HikariPool - HikariPool-1 - Added connection org.postgresql.jdbc.PgConnection@38cb1606
2024-04-01 22:50:27 [main] INFO  com.zaxxer.hikari.HikariDataSource - HikariPool-1 - Start completed.
2024-04-01 22:50:28 [main] INFO  o.h.e.t.j.p.i.JtaPlatformInitiator - HHH000489: No JTA platform available (set 'hibernate.transaction.jta.platform' to enable JTA platform integration)
2024-04-01 22:50:28 [main] INFO  o.s.o.j.LocalContainerEntityManagerFactoryBean - Initialized JPA EntityManagerFactory for persistence unit 'default'
2024-04-01 22:50:28 [main] INFO  o.s.d.j.r.query.QueryEnhancerFactory - Hibernate is in classpath; If applicable, HQL parser will be used.
2024-04-01 22:50:29 [main] WARN  o.s.b.a.o.j.JpaBaseConfiguration$JpaWebConfiguration - spring.jpa.open-in-view is enabled by default. Therefore, database queries may be performed during view rendering. Explicitly configure spring.jpa.open-in-view to disable this warning
2024-04-01 22:50:29 [main] INFO  o.s.b.w.e.tomcat.TomcatWebServer - Tomcat started on port 8080 (http) with context path ''
2024-04-01 22:50:29 [main] INFO  c.artem.umbrella.UmbrellaApplication - Started UmbrellaApplication in 4.43 seconds (process running for 4.916)
2024-04-01 22:50:53 [http-nio-8080-exec-1] INFO  o.a.c.c.C.[Tomcat].[localhost].[/] - Initializing Spring DispatcherServlet 'dispatcherServlet'
2024-04-01 22:50:53 [http-nio-8080-exec-1] INFO  o.s.web.servlet.DispatcherServlet - Initializing Servlet 'dispatcherServlet'
2024-04-01 22:50:53 [http-nio-8080-exec-1] INFO  o.s.web.servlet.DispatcherServlet - Completed initialization in 1 ms
2024-04-01 22:50:53 [http-nio-8080-exec-1] INFO  c.a.umbrella.aspect.LoggingAspect - Method class com.artem.umbrella.controller.LocationController.create with args: [LocationCreateDto[name=China]] called
2024-04-01 22:50:53 [http-nio-8080-exec-1] INFO  c.a.umbrella.aspect.LoggingAspect - Method class com.artem.umbrella.servise.LocationService.create with args: [LocationCreateDto[name=China]] called
2024-04-01 22:50:54 [http-nio-8080-exec-1] INFO  c.a.umbrella.aspect.LoggingAspect - Method class com.artem.umbrella.servise.LocationService.create with args: [LocationCreateDto[name=China]] returned: com.artem.umbrella.entity.Location@182db5b5
2024-04-01 22:50:54 [http-nio-8080-exec-1] INFO  c.a.umbrella.aspect.LoggingAspect - Method class com.artem.umbrella.controller.LocationController.create with args: [LocationCreateDto[name=China]] returned: LocationDto[id=1, name=China, humans=[]]
2024-04-01 22:52:06 [http-nio-8080-exec-5] INFO  c.a.umbrella.aspect.LoggingAspect - Method class com.artem.umbrella.controller.LocationController.create with args: [LocationCreateDto[name=China]] called
2024-04-01 22:52:06 [http-nio-8080-exec-5] INFO  c.a.umbrella.aspect.LoggingAspect - Method class com.artem.umbrella.servise.LocationService.create with args: [LocationCreateDto[name=China]] called
2024-04-01 22:52:06 [http-nio-8080-exec-5] ERROR c.a.umbrella.aspect.LoggingAspect - Method class com.artem.umbrella.servise.LocationService.create with args: [LocationCreateDto[name=China]] interrupted. Exception: Entity already exists
2024-04-01 22:52:51 [SpringApplicationShutdownHook] INFO  o.s.o.j.LocalContainerEntityManagerFactoryBean - Closing JPA EntityManagerFactory for persistence unit 'default'
2024-04-01 22:52:51 [SpringApplicationShutdownHook] INFO  com.zaxxer.hikari.HikariDataSource - HikariPool-1 - Shutdown initiated...
2024-04-01 22:52:52 [SpringApplicationShutdownHook] INFO  com.zaxxer.hikari.HikariDataSource - HikariPool-1 - Shutdown completed.
2024-04-01 22:52:53 [main] INFO  c.artem.umbrella.UmbrellaApplication - Starting UmbrellaApplication using Java 17.0.10 with PID 36240 (/home/artsyom/CODE/java/PNAUVU/umbrella/build/classes/java/main started by artsyom in /home/artsyom/CODE/java/PNAUVU/umbrella)
2024-04-01 22:52:53 [main] INFO  c.artem.umbrella.UmbrellaApplication - No active profile set, falling back to 1 default profile: "default"
2024-04-01 22:52:54 [main] INFO  o.s.d.r.c.RepositoryConfigurationDelegate - Bootstrapping Spring Data JPA repositories in DEFAULT mode.
2024-04-01 22:52:54 [main] INFO  o.s.d.r.c.RepositoryConfigurationDelegate - Finished Spring Data repository scanning in 31 ms. Found 3 JPA repository interfaces.
2024-04-01 22:52:54 [main] INFO  o.s.b.w.e.tomcat.TomcatWebServer - Tomcat initialized with port 8080 (http)
2024-04-01 22:52:54 [main] INFO  o.a.catalina.core.StandardService - Starting service [Tomcat]
2024-04-01 22:52:54 [main] INFO  o.a.catalina.core.StandardEngine - Starting Servlet engine: [Apache Tomcat/10.1.19]
2024-04-01 22:52:55 [main] INFO  o.a.c.c.C.[Tomcat].[localhost].[/] - Initializing Spring embedded WebApplicationContext
2024-04-01 22:52:55 [main] INFO  o.s.b.w.s.c.ServletWebServerApplicationContext - Root WebApplicationContext: initialization completed in 1058 ms
2024-04-01 22:52:55 [main] INFO  o.h.jpa.internal.util.LogHelper - HHH000204: Processing PersistenceUnitInfo [name: default]
2024-04-01 22:52:55 [main] INFO  org.hibernate.Version - HHH000412: Hibernate ORM core version 6.4.4.Final
2024-04-01 22:52:55 [main] INFO  o.h.c.i.RegionFactoryInitiator - HHH000026: Second-level cache disabled
2024-04-01 22:52:55 [main] INFO  o.s.o.j.p.SpringPersistenceUnitInfo - No LoadTimeWeaver setup: ignoring JPA class transformer
2024-04-01 22:52:55 [main] INFO  com.zaxxer.hikari.HikariDataSource - HikariPool-1 - Starting...
2024-04-01 22:52:55 [main] INFO  com.zaxxer.hikari.pool.HikariPool - HikariPool-1 - Added connection org.postgresql.jdbc.PgConnection@32f308c6
2024-04-01 22:52:55 [main] INFO  com.zaxxer.hikari.HikariDataSource - HikariPool-1 - Start completed.
2024-04-01 22:52:56 [main] INFO  o.h.e.t.j.p.i.JtaPlatformInitiator - HHH000489: No JTA platform available (set 'hibernate.transaction.jta.platform' to enable JTA platform integration)
2024-04-01 22:52:56 [main] INFO  o.s.o.j.LocalContainerEntityManagerFactoryBean - Initialized JPA EntityManagerFactory for persistence unit 'default'
2024-04-01 22:52:56 [main] INFO  o.s.d.j.r.query.QueryEnhancerFactory - Hibernate is in classpath; If applicable, HQL parser will be used.
2024-04-01 22:52:57 [main] WARN  o.s.b.a.o.j.JpaBaseConfiguration$JpaWebConfiguration - spring.jpa.open-in-view is enabled by default. Therefore, database queries may be performed during view rendering. Explicitly configure spring.jpa.open-in-view to disable this warning
2024-04-01 22:52:57 [main] INFO  o.s.b.w.e.tomcat.TomcatWebServer - Tomcat started on port 8080 (http) with context path ''
2024-04-01 22:52:57 [main] INFO  c.artem.umbrella.UmbrellaApplication - Started UmbrellaApplication in 4.084 seconds (process running for 4.52)
2024-04-01 23:00:34 [SpringApplicationShutdownHook] INFO  o.s.o.j.LocalContainerEntityManagerFactoryBean - Closing JPA EntityManagerFactory for persistence unit 'default'
2024-04-01 23:00:34 [SpringApplicationShutdownHook] INFO  com.zaxxer.hikari.HikariDataSource - HikariPool-1 - Shutdown initiated...
2024-04-01 23:00:34 [SpringApplicationShutdownHook] INFO  com.zaxxer.hikari.HikariDataSource - HikariPool-1 - Shutdown completed.
2024-04-01 23:00:37 [main] INFO  c.artem.umbrella.UmbrellaApplication - Starting UmbrellaApplication using Java 17.0.10 with PID 36789 (/home/artsyom/CODE/java/PNAUVU/umbrella/build/classes/java/main started by artsyom in /home/artsyom/CODE/java/PNAUVU/umbrella)
2024-04-01 23:00:37 [main] INFO  c.artem.umbrella.UmbrellaApplication - No active profile set, falling back to 1 default profile: "default"
2024-04-01 23:00:37 [main] INFO  o.s.d.r.c.RepositoryConfigurationDelegate - Bootstrapping Spring Data JPA repositories in DEFAULT mode.
2024-04-01 23:00:37 [main] INFO  o.s.d.r.c.RepositoryConfigurationDelegate - Finished Spring Data repository scanning in 34 ms. Found 3 JPA repository interfaces.
2024-04-01 23:00:38 [main] INFO  o.s.b.w.e.tomcat.TomcatWebServer - Tomcat initialized with port 8080 (http)
2024-04-01 23:00:38 [main] INFO  o.a.catalina.core.StandardService - Starting service [Tomcat]
2024-04-01 23:00:38 [main] INFO  o.a.catalina.core.StandardEngine - Starting Servlet engine: [Apache Tomcat/10.1.19]
2024-04-01 23:00:38 [main] INFO  o.a.c.c.C.[Tomcat].[localhost].[/] - Initializing Spring embedded WebApplicationContext
2024-04-01 23:00:38 [main] INFO  o.s.b.w.s.c.ServletWebServerApplicationContext - Root WebApplicationContext: initialization completed in 1057 ms
2024-04-01 23:00:38 [main] INFO  o.h.jpa.internal.util.LogHelper - HHH000204: Processing PersistenceUnitInfo [name: default]
2024-04-01 23:00:38 [main] INFO  org.hibernate.Version - HHH000412: Hibernate ORM core version 6.4.4.Final
2024-04-01 23:00:38 [main] INFO  o.h.c.i.RegionFactoryInitiator - HHH000026: Second-level cache disabled
2024-04-01 23:00:38 [main] INFO  o.s.o.j.p.SpringPersistenceUnitInfo - No LoadTimeWeaver setup: ignoring JPA class transformer
2024-04-01 23:00:38 [main] INFO  com.zaxxer.hikari.HikariDataSource - HikariPool-1 - Starting...
2024-04-01 23:00:38 [main] INFO  com.zaxxer.hikari.pool.HikariPool - HikariPool-1 - Added connection org.postgresql.jdbc.PgConnection@41059616
2024-04-01 23:00:38 [main] INFO  com.zaxxer.hikari.HikariDataSource - HikariPool-1 - Start completed.
2024-04-01 23:00:39 [main] INFO  o.h.e.t.j.p.i.JtaPlatformInitiator - HHH000489: No JTA platform available (set 'hibernate.transaction.jta.platform' to enable JTA platform integration)
2024-04-01 23:00:39 [main] INFO  o.s.o.j.LocalContainerEntityManagerFactoryBean - Initialized JPA EntityManagerFactory for persistence unit 'default'
2024-04-01 23:00:40 [main] INFO  o.s.d.j.r.query.QueryEnhancerFactory - Hibernate is in classpath; If applicable, HQL parser will be used.
2024-04-01 23:00:40 [main] WARN  o.s.b.a.o.j.JpaBaseConfiguration$JpaWebConfiguration - spring.jpa.open-in-view is enabled by default. Therefore, database queries may be performed during view rendering. Explicitly configure spring.jpa.open-in-view to disable this warning
2024-04-01 23:00:41 [main] INFO  o.s.b.w.e.tomcat.TomcatWebServer - Tomcat started on port 8080 (http) with context path ''
2024-04-01 23:00:41 [main] INFO  c.artem.umbrella.UmbrellaApplication - Started UmbrellaApplication in 4.392 seconds (process running for 4.905)
2024-04-01 23:16:02 [SpringApplicationShutdownHook] INFO  o.s.o.j.LocalContainerEntityManagerFactoryBean - Closing JPA EntityManagerFactory for persistence unit 'default'
2024-04-01 23:16:02 [SpringApplicationShutdownHook] INFO  com.zaxxer.hikari.HikariDataSource - HikariPool-1 - Shutdown initiated...
2024-04-01 23:16:02 [SpringApplicationShutdownHook] INFO  com.zaxxer.hikari.HikariDataSource - HikariPool-1 - Shutdown completed.
